2025-07-28 00:59:26,131 - discord.client - INFO - logging in using static token
2025-07-28 00:59:27,181 - CookieBot - INFO - Setting up bot...
2025-07-28 01:02:41,140 - CookieBot - ERROR - Fatal error: expected token to be a str, received NoneType instead
2025-07-28 01:02:41,140 - CookieBot - INFO - Shutting down bot...
2025-07-28 01:03:22,580 - CookieBot - INFO - Setting up bot...
2025-07-28 01:03:22,582 - CookieBot - INFO - Connecting to MongoDB...
2025-07-28 01:03:22,583 - CookieBot - INFO - Database: discord_bot
2025-07-28 01:03:22,592 - CookieBot - INFO - MongoDB client created, testing connection...
2025-07-28 01:03:23,748 - CookieBot - INFO - Successfully connected to MongoDB!
2025-07-28 01:03:23,748 - CookieBot - INFO - Loading cogs...
2025-07-28 01:03:23,839 - CookieBot - INFO - Setup complete!
2025-07-28 01:03:24,698 - discord.gateway - INFO - Shard ID None has connected to Gateway (Session ID: 00e680352ee0060b7c529590232c2d80).
2025-07-28 01:03:26,797 - CookieBot - INFO - Bot logged in as Bubble#7413 (ID: 1399008760479092859)
2025-07-28 01:03:26,797 - CookieBot - INFO - Connected to 2 servers
2025-07-28 01:03:27,470 - CookieBot - INFO - Synced 21 slash commands
2025-07-28 01:04:41,979 - CookieBot - INFO - Setting up bot...
2025-07-28 01:04:41,980 - CookieBot - INFO - Connecting to MongoDB...
2025-07-28 01:04:41,980 - CookieBot - INFO - Database: discord_bot
2025-07-28 01:04:41,990 - CookieBot - INFO - MongoDB client created, testing connection...
2025-07-28 01:04:43,020 - CookieBot - INFO - Successfully connected to MongoDB!
2025-07-28 01:04:43,022 - CookieBot - INFO - Loading cogs...
2025-07-28 01:04:43,026 - CookieBot - INFO - Loaded cog: cogs.cookie
2025-07-28 01:04:43,028 - CookieBot - INFO - Loaded cog: cogs.points
2025-07-28 01:04:43,031 - CookieBot - INFO - Loaded cog: cogs.admin
2025-07-28 01:04:43,032 - CookieBot - INFO - Loaded cog: cogs.invite
2025-07-28 01:04:43,034 - CookieBot - INFO - Loaded cog: cogs.directory
2025-07-28 01:04:43,034 - CookieBot - INFO - Setup complete!
2025-07-28 01:04:44,036 - discord.gateway - INFO - Shard ID None has connected to Gateway (Session ID: 13c5b1f8826def23255439cb35504422).
2025-07-28 01:04:46,124 - CookieBot - INFO - Bot logged in as Bubble#7413 (ID: 1399008760479092859)
2025-07-28 01:04:46,124 - CookieBot - INFO - Connected to 2 servers
2025-07-28 01:04:46,637 - CookieBot - INFO - Synced 21 slash commands
2025-07-28 01:05:04,283 - CookieBot - ERROR - Unhandled error: Hybrid command raised an error: Command 'stats' raised an exception: AttributeError: 'CookieBot' object has no attribute 'process'
2025-07-28 01:06:19,371 - CookieBot - ERROR - Unhandled error: Hybrid command raised an error: Command 'stats' raised an exception: AttributeError: 'CookieBot' object has no attribute 'process'
2025-07-28 01:06:34,703 - CookieBot - INFO - Setting up bot...
2025-07-28 01:06:34,704 - CookieBot - INFO - Connecting to MongoDB...
2025-07-28 01:06:34,704 - CookieBot - INFO - Database: discord_bot
2025-07-28 01:06:34,715 - CookieBot - INFO - MongoDB client created, testing connection...
2025-07-28 01:06:35,697 - CookieBot - INFO - Successfully connected to MongoDB!
2025-07-28 01:06:35,697 - CookieBot - INFO - Loading cogs...
2025-07-28 01:06:35,701 - CookieBot - INFO - Loaded cog: cogs.cookie
2025-07-28 01:06:35,703 - CookieBot - INFO - Loaded cog: cogs.points
2025-07-28 01:06:35,706 - CookieBot - INFO - Loaded cog: cogs.admin
2025-07-28 01:06:35,707 - CookieBot - INFO - Loaded cog: cogs.invite
2025-07-28 01:06:35,709 - CookieBot - INFO - Loaded cog: cogs.directory
2025-07-28 01:06:35,709 - CookieBot - INFO - Setup complete!
2025-07-28 01:06:36,556 - discord.gateway - INFO - Shard ID None has connected to Gateway (Session ID: d5dded097c3bde9cc1ede8cf112d76b7).
2025-07-28 01:06:38,789 - CookieBot - INFO - Bot logged in as Bubble#7413 (ID: 1399008760479092859)
2025-07-28 01:06:38,790 - CookieBot - INFO - Connected to 2 servers
2025-07-28 01:06:39,476 - CookieBot - INFO - Synced 21 slash commands
2025-07-28 01:07:45,213 - CookieBot - ERROR - Unhandled error: Hybrid command raised an error: Command 'stats' raised an exception: AttributeError: 'CookieBot' object has no attribute 'process'
2025-07-28 01:09:30,393 - CookieBot - INFO - Setting up bot...
2025-07-28 01:09:30,393 - CookieBot - INFO - Connecting to MongoDB...
2025-07-28 01:09:30,393 - CookieBot - INFO - Database: discord_bot
2025-07-28 01:09:30,398 - CookieBot - INFO - MongoDB client created, testing connection...
2025-07-28 01:09:31,424 - CookieBot - INFO - Successfully connected to MongoDB!
2025-07-28 01:09:31,425 - CookieBot - INFO - Loading cogs...
2025-07-28 01:09:31,451 - CookieBot - INFO - Loaded cog: cogs.cookie
2025-07-28 01:09:31,465 - CookieBot - INFO - Loaded cog: cogs.points
2025-07-28 01:09:31,480 - CookieBot - INFO - Loaded cog: cogs.admin
2025-07-28 01:09:31,482 - CookieBot - INFO - Loaded cog: cogs.invite
2025-07-28 01:09:31,484 - CookieBot - INFO - Loaded cog: cogs.directory
2025-07-28 01:09:31,484 - CookieBot - INFO - Setup complete!
2025-07-28 01:09:32,303 - discord.gateway - INFO - Shard ID None has connected to Gateway (Session ID: 767be594729b8c86802b46c592e6efad).
2025-07-28 01:09:34,380 - CookieBot - INFO - Bot logged in as Bubble#7413 (ID: 1399008760479092859)
2025-07-28 01:09:34,380 - CookieBot - INFO - Connected to 2 servers
2025-07-28 01:09:34,977 - CookieBot - INFO - Synced 21 slash commands
